<?xml version="1.0" encoding="UTF-8"?>
<testsuite xmlns:xsi="http://www.w3.org/2001/XMLSchema-instance" xsi:noNamespaceSchemaLocation="https://maven.apache.org/surefire/maven-surefire-plugin/xsd/surefire-test-report-3.0.xsd" version="3.0" name="com.example.demo.DemoApplicationTests" time="8.419" tests="1" errors="0" skipped="0" failures="0">
  <properties>
[...]
</properties>
  <testcase name="contextLoads" classname="com.example.demo.DemoApplicationTests" time="0.848">
    <system-out><![CDATA[13:40:23.975 [main] INFO org.springframework.test.context.support.AnnotationConfigContextLoaderUtils -- Could not detect default configuration classes for test class [com.example.demo.DemoApplicationTests]: DemoApplicationTests does not declare any static, non-private, non-final, nested classes annotated with @Configuration.
13:40:24.179 [main] INFO org.springframework.boot.test.context.SpringBootTestContextBootstrapper -- Found @SpringBootConfiguration com.example.demo.DemoApplication for test class com.example.demo.DemoApplicationTests

  .   ____          _            __ _ _
 /\\ / ___'_ __ _ _(_)_ __  __ _ \ \ \ \
( ( )\___ | '_ | '_| | '_ \/ _` | \ \ \ \
 \\/  ___)| |_)| | | | | || (_| |  ) ) ) )
  '  |____| .__|_| |_|_| |_\__, | / / / /
 =========|_|==============|___/=/_/_/_/
 :: Spring Boot ::                (v3.1.2)

2023-07-25T13:40:25.224+05:30  INFO 16504 --- [           main] com.example.demo.DemoApplicationTests    : Starting DemoApplicationTests using Java 17.0.7 with PID 16504 (started by Ranjith Kumar in C:\Users\Ranjith Kumar\Documents\workspace-spring-tool-suite-4-4.17.2.RELEASE\demo)
2023-07-25T13:40:25.227+05:30  INFO 16504 --- [           main] com.example.demo.DemoApplicationTests    : No active profile set, falling back to 1 default profile: "default"
2023-07-25T13:40:27.112+05:30  INFO 16504 --- [           main] o.s.cloud.context.scope.GenericScope     : BeanFactory id=bff3030b-47e7-3ef8-a707-b3aad2560c18
2023-07-25T13:40:29.530+05:30  WARN 16504 --- [           main] iguration$LoadBalancerCaffeineWarnLogger : Spring Cloud LoadBalancer is currently working with the default cache. While this cache implementation is useful for development and tests, it's recommended to use Caffeine cache in production.You can switch to using Caffeine cache, by adding it and org.springframework.cache.caffeine.CaffeineCacheManager to the classpath.
2023-07-25T13:40:29.951+05:30  INFO 16504 --- [           main] o.s.c.n.eureka.InstanceInfoFactory       : Setting initial instance status as: STARTING
2023-07-25T13:40:30.001+05:30  INFO 16504 --- [           main] com.netflix.discovery.DiscoveryClient    : Initializing Eureka in region us-east-1
2023-07-25T13:40:30.003+05:30  INFO 16504 --- [           main] com.netflix.discovery.DiscoveryClient    : Client configured to neither register nor query for data.
2023-07-25T13:40:30.020+05:30  INFO 16504 --- [           main] com.netflix.discovery.DiscoveryClient    : Discovery Client initialized at timestamp 1690272630018 with initial instances count: 0
2023-07-25T13:40:30.092+05:30  INFO 16504 --- [           main] c.n.eureka.DefaultEurekaServerContext    : Initializing ...
2023-07-25T13:40:30.096+05:30  INFO 16504 --- [           main] c.n.eureka.cluster.PeerEurekaNodes       : Adding new peer nodes [http://localhost:8761/eureka/]
2023-07-25T13:40:30.571+05:30  INFO 16504 --- [           main] c.n.d.provider.DiscoveryJerseyProvider   : Using JSON encoding codec LegacyJacksonJson
2023-07-25T13:40:30.572+05:30  INFO 16504 --- [           main] c.n.d.provider.DiscoveryJerseyProvider   : Using JSON decoding codec LegacyJacksonJson
2023-07-25T13:40:30.572+05:30  INFO 16504 --- [           main] c.n.d.provider.DiscoveryJerseyProvider   : Using XML encoding codec XStreamXml
2023-07-25T13:40:30.572+05:30  INFO 16504 --- [           main] c.n.d.provider.DiscoveryJerseyProvider   : Using XML decoding codec XStreamXml
2023-07-25T13:40:30.789+05:30  INFO 16504 --- [           main] c.n.eureka.cluster.PeerEurekaNodes       : Replica node URL:  http://localhost:8761/eureka/
2023-07-25T13:40:30.801+05:30  INFO 16504 --- [           main] c.n.e.registry.AbstractInstanceRegistry  : Finished initializing remote region registries. All known remote regions: []
2023-07-25T13:40:30.803+05:30  INFO 16504 --- [           main] c.n.eureka.DefaultEurekaServerContext    : Initialized
2023-07-25T13:40:31.013+05:30  INFO 16504 --- [           main] o.s.b.a.e.web.EndpointLinksResolver      : Exposing 1 endpoint(s) beneath base path '/actuator'
2023-07-25T13:40:31.082+05:30  INFO 16504 --- [           main] o.s.c.n.e.s.EurekaServiceRegistry        : Registering application UNKNOWN with eureka with status UP
2023-07-25T13:40:31.117+05:30  INFO 16504 --- [      Thread-11] o.s.c.n.e.server.EurekaServerBootstrap   : isAws returned false
2023-07-25T13:40:31.118+05:30  INFO 16504 --- [      Thread-11] o.s.c.n.e.server.EurekaServerBootstrap   : Initialized server context
2023-07-25T13:40:31.118+05:30  INFO 16504 --- [      Thread-11] c.n.e.r.PeerAwareInstanceRegistryImpl    : Got 1 instances from neighboring DS node
2023-07-25T13:40:31.119+05:30  INFO 16504 --- [      Thread-11] c.n.e.r.PeerAwareInstanceRegistryImpl    : Renew threshold is: 1
2023-07-25T13:40:31.119+05:30  INFO 16504 --- [      Thread-11] c.n.e.r.PeerAwareInstanceRegistryImpl    : Changing status to UP
2023-07-25T13:40:31.131+05:30  INFO 16504 --- [           main] com.example.demo.DemoApplicationTests    : Started DemoApplicationTests in 6.659 seconds (process running for 9.101)
2023-07-25T13:40:31.133+05:30  INFO 16504 --- [      Thread-11] e.s.EurekaServerInitializerConfiguration : Started Eureka Server
]]></system-out>
  </testcase>
</testsuite>